<?xml version="1.0" encoding="UTF-8"?>
<!-- Generated by org.testng.reporters.JUnitXMLReporter -->
<testsuite ignored="0" hostname="LAPTOP-T1B1M2Q4" failures="1" tests="4" name="Test" time="20.921" errors="0" timestamp="2021-06-06T18:00:22 EET">
  <testcase classname="TestNG_TestSuite.LogIn" name="main" time="2.417"/>
  <testcase classname="TestNG_TestSuite.EditProfileProfessionalSection" name="main" time="3.549">
    <failure type="org.openqa.selenium.ElementClickInterceptedException" message="element click intercepted: Element &amp;lt;span class=&amp;quot;check-label&amp;quot;&amp;gt;...&amp;lt;/span&amp;gt; is not clickable at point (543, 515). Other element would receive the click: &amp;lt;li class=&amp;quot;list-item&amp;quot; data-obj=&amp;quot;{&amp;amp;quot;id&amp;amp;quot;:&amp;amp;quot;34&amp;amp;quot;,&amp;amp;quot;name&amp;amp;quot;:&amp;amp;quot;...&amp;amp;quot;}&amp;quot; data-id=&amp;quot;34&amp;quot;&amp;gt;Administration&amp;lt;/li&amp;gt;
  (Session info: chrome=90.0.4430.212)
Build info: version: &amp;apos;3.141.59&amp;apos;, revision: &amp;apos;e82be7d358&amp;apos;, time: &amp;apos;2018-11-14T08:25:48&amp;apos;
System info: host: &amp;apos;LAPTOP-T1B1M2Q4&amp;apos;, ip: &amp;apos;192.168.56.1&amp;apos;, os.name: &amp;apos;Windows 10&amp;apos;, os.arch: &amp;apos;amd64&amp;apos;, os.version: &amp;apos;10.0&amp;apos;, java.version: &amp;apos;11.0.2&amp;apos;
Driver info: org.openqa.selenium.chrome.ChromeDriver
Capabilities {acceptInsecureCerts: false, browserName: chrome, browserVersion: 90.0.4430.212, chrome: {chromedriverVersion: 90.0.4430.24 (4c6d850f087da..., userDataDir: C:\Users\topgi\AppData\Loca...}, goog:chromeOptions: {debuggerAddress: localhost:21556}, javascriptEnabled: true, networkConnectionEnabled: false, pageLoadStrategy: normal, platform: WINDOWS, platformName: WINDOWS, proxy: Proxy(), setWindowRect: true, strictFileInteractability: false, timeouts: {implicit: 0, pageLoad: 300000, script: 30000}, unhandledPromptBehavior: dismiss and notify, webauthn:extension:largeBlob: true, webauthn:virtualAuthenticators: true}
Session ID: 0f952e268e0d780e2232ca89e1a71d12">
      <![CDATA[org.openqa.selenium.ElementClickInterceptedException: element click intercepted: Element <span class="check-label">...</span> is not clickable at point (543, 515). Other element would receive the click: <li class="list-item" data-obj="{&quot;id&quot;:&quot;34&quot;,&quot;name&quot;:&quot;...&quot;}" data-id="34">Administration</li>
  (Session info: chrome=90.0.4430.212)
Build info: version: '3.141.59', revision: 'e82be7d358', time: '2018-11-14T08:25:48'
System info: host: 'LAPTOP-T1B1M2Q4', ip: '192.168.56.1', os.name: 'Windows 10', os.arch: 'amd64', os.version: '10.0', java.version: '11.0.2'
Driver info: org.openqa.selenium.chrome.ChromeDriver
Capabilities {acceptInsecureCerts: false, browserName: chrome, browserVersion: 90.0.4430.212, chrome: {chromedriverVersion: 90.0.4430.24 (4c6d850f087da..., userDataDir: C:\Users\topgi\AppData\Loca...}, goog:chromeOptions: {debuggerAddress: localhost:21556}, javascriptEnabled: true, networkConnectionEnabled: false, pageLoadStrategy: normal, platform: WINDOWS, platformName: WINDOWS, proxy: Proxy(), setWindowRect: true, strictFileInteractability: false, timeouts: {implicit: 0, pageLoad: 300000, script: 30000}, unhandledPromptBehavior: dismiss and notify, webauthn:extension:largeBlob: true, webauthn:virtualAuthenticators: true}
Session ID: 0f952e268e0d780e2232ca89e1a71d12
at org.openqa.selenium.remote.http.W3CHttpResponseCodec.createException(W3CHttpResponseCodec.java:187)
at org.openqa.selenium.remote.http.W3CHttpResponseCodec.decode(W3CHttpResponseCodec.java:122)
at org.openqa.selenium.remote.http.W3CHttpResponseCodec.decode(W3CHttpResponseCodec.java:49)
at org.openqa.selenium.remote.HttpCommandExecutor.execute(HttpCommandExecutor.java:158)
at org.openqa.selenium.remote.service.DriverCommandExecutor.execute(DriverCommandExecutor.java:83)
at org.openqa.selenium.remote.RemoteWebDriver.execute(RemoteWebDriver.java:552)
at org.openqa.selenium.remote.RemoteWebElement.execute(RemoteWebElement.java:285)
at org.openqa.selenium.remote.RemoteWebElement.click(RemoteWebElement.java:84)
at TestNG_TestSuite.EditProfileProfessionalSection.main(EditProfileProfessionalSection.java:110)
at java.base/java.util.ArrayList.forEach(ArrayList.java:1540)
... Removed 31 stack frames]]>
    </failure>
  </testcase> <!-- main -->
  <testcase classname="TestNG_TestSuite.EditProfileEducationSection" name="main" time="4.126"/>
  <testcase classname="TestNG_TestSuite.EditProfileProfileSummarySection" name="main" time="2.364"/>
</testsuite> <!-- Test -->
